amd-ucode
amoco
base
base-devel
bridge-utils
btrfs-progs
dnsmasq
efibootmgr
egl-wayland
ffmpegthumbs
grub
gst-plugin-pipewire
imagemagick
intel-media-driver
iptables-nft
libguestfs
libva-intel-driver
libva-mesa-driver
linux
linux-firmware
linux-headers
pipewire-alsa
pipewire-jack
plasma-meta
python-pyamdgpuinfo
qt5-imageformats
qt5ct
qt6-wayland
qt6ct
smartmontools
sshfs
vulkan-intel
vulkan-radeon
wev
wireless_tools
wpa_supplicant
xdg-desktop-portal-hyprland
xdg-utils
xf86-video-amdgpu
xf86-video-ati
xf86-video-nouveau
xf86-video-vmware
xorg-xinit
zram-generator