1password
arduino-ide-bin
ark
armitage
auto-cpufreq
bat
blackarch-keyring
blueman
bluez
bluez-utils
bottles
bridge-utils
brightnessctl
btop
btrfs-progs
clamtk
cliphist
cmatrix
cups
discord
dolphin
dotnet-sdk
dunst
entr
espeak-ng
evince
eza
figlet
fzf
gamemode
gamescope
ghidra
gimp
git
gitkraken
gnome-disk-utility
go
grub
harmonoid-bin
heroic-games-launcher-bin
hplip
htop
imagemagick
inkscape
iwd
jp2a
jq
kdeconnect
kitty
kvantum
libreoffice-fresh
librewolf-bin
lolcat
loupe
mangohud
ncdu
neofetch
neovim
noto-fonts-emoji
nvidia
nvtop
openbsd-netcat
openssh
paru
pfetch
polkit-kde-agent
qbittorrent
qemu-full
ranger
ripgrep
spicetify-cli
spotify
spotify-launcher
steam
stellarium
swappy
tgpt-bin
tldr
tmux
tor-browser
unzip
virt-manager
virt-viewer
visual-studio-code-bin
vlc
waybar
wget
wine
wireshark-cli
wireshark-qt
yetris
yt-dlp
zoxide
zsh
